<?xml version="1.0" encoding="UTF-8"?>
<!-- Generated by org.testng.reporters.JUnitReportReporter -->
<testsuite skipped="0" hostname="LAPTOP-CHPRGC7C" name="testNGPackage3.TestNGCustomer" tests="1" failures="0" timestamp="2022-05-20T22:20:25 CDT" time="23.969" errors="0">
  <testcase name="myLogin" time="23.969" classname="testNGPackage3.TestNGCustomer"/>
  <system-out/>
</testsuite> <!-- testNGPackage3.TestNGCustomer -->
